# JRE version: OpenJDK Runtime Environment (8.0_76-b03) (build 1.8.0_76-release-b03)
# Java VM: OpenJDK 64-Bit Server VM (25.76-b03 mixed mode windows-amd64 compressed oops)
Heap:
 PSYoungGen      total 70144K, used 49734K [0x00000000eab00000, 0x00000000f1000000, 0x0000000100000000)
  eden space 62976K, 78% used [0x00000000eab00000,0x00000000edb91938,0x00000000ee880000)
  from space 7168K, 0% used [0x00000000ee880000,0x00000000ee880000,0x00000000eef80000)
  to   space 8192K, 0% used [0x00000000f0800000,0x00000000f0800000,0x00000000f1000000)
 ParOldGen       total 53248K, used 15525K [0x00000000c0000000, 0x00000000c3400000, 0x00000000eab00000)
  object space 53248K, 29% used [0x00000000c0000000,0x00000000c0f294e0,0x00000000c3400000)
 Metaspace       used 36941K, capacity 37728K, committed 37936K, reserved 1081344K
  class space    used 4905K, capacity 5134K, committed 5168K, reserved 1048576K
GC Heap History (10 events):
Event: 11.841 GC heap before
{Heap before GC invocations=9 (full 1):
 PSYoungGen      total 39936K, used 32768K [0x00000000eab00000, 0x00000000ef900000, 0x0000000100000000)
  eden space 32768K, 100% used [0x00000000eab00000,0x00000000ecb00000,0x00000000ecb00000)
  from space 7168K, 0% used [0x00000000ecb00000,0x00000000ecb00000,0x00000000ed200000)
  to   space 7168K, 0% used [0x00000000ef200000,0x00000000ef200000,0x00000000ef900000)
 ParOldGen       total 35840K, used 10180K [0x00000000c0000000, 0x00000000c2300000, 0x00000000eab00000)
  object space 35840K, 28% used [0x00000000c0000000,0x00000000c09f1020,0x00000000c2300000)
 Metaspace       used 23419K, capacity 24002K, committed 24112K, reserved 1071104K
  class space    used 3140K, capacity 3313K, committed 3376K, reserved 1048576K
Event: 11.859 GC heap after
Heap after GC invocations=9 (full 1):
 PSYoungGen      total 61440K, used 4486K [0x00000000eab00000, 0x00000000ef680000, 0x0000000100000000)
  eden space 56832K, 0% used [0x00000000eab00000,0x00000000eab00000,0x00000000ee280000)
  from space 4608K, 97% used [0x00000000ef200000,0x00000000ef661898,0x00000000ef680000)
  to   space 7168K, 0% used [0x00000000ee880000,0x00000000ee880000,0x00000000eef80000)
 ParOldGen       total 35840K, used 10180K [0x00000000c0000000, 0x00000000c2300000, 0x00000000eab00000)
  object space 35840K, 28% used [0x00000000c0000000,0x00000000c09f1020,0x00000000c2300000)
 Metaspace       used 23419K, capacity 24002K, committed 24112K, reserved 1071104K
  class space    used 3140K, capacity 3313K, committed 3376K, reserved 1048576K
}
Event: 13.268 GC heap before
{Heap before GC invocations=10 (full 1):
 PSYoungGen      total 61440K, used 61318K [0x00000000eab00000, 0x00000000ef680000, 0x0000000100000000)
  eden space 56832K, 100% used [0x00000000eab00000,0x00000000ee280000,0x00000000ee280000)
  from space 4608K, 97% used [0x00000000ef200000,0x00000000ef661898,0x00000000ef680000)
  to   space 7168K, 0% used [0x00000000ee880000,0x00000000ee880000,0x00000000eef80000)
 ParOldGen       total 35840K, used 10180K [0x00000000c0000000, 0x00000000c2300000, 0x00000000eab00000)
  object space 35840K, 28% used [0x00000000c0000000,0x00000000c09f1020,0x00000000c2300000)
 Metaspace       used 29508K, capacity 30188K, committed 30384K, reserved 1075200K
  class space    used 3998K, capacity 4199K, committed 4272K, reserved 1048576K
Event: 13.278 GC heap after
Heap after GC invocations=10 (full 1):
 PSYoungGen      total 70144K, used 7150K [0x00000000eab00000, 0x00000000f0b00000, 0x0000000100000000)
  eden space 62976K, 0% used [0x00000000eab00000,0x00000000eab00000,0x00000000ee880000)
  from space 7168K, 99% used [0x00000000ee880000,0x00000000eef7bb10,0x00000000eef80000)
  to   space 8704K, 0% used [0x00000000f0280000,0x00000000f0280000,0x00000000f0b00000)
 ParOldGen       total 35840K, used 12185K [0x00000000c0000000, 0x00000000c2300000, 0x00000000eab00000)
  object space 35840K, 33% used [0x00000000c0000000,0x00000000c0be65f8,0x00000000c2300000)
 Metaspace       used 29508K, capacity 30188K, committed 30384K, reserved 1075200K
  class space    used 3998K, capacity 4199K, committed 4272K, reserved 1048576K
}
Event: 14.462 GC heap before
{Heap before GC invocations=11 (full 1):
 PSYoungGen      total 70144K, used 70126K [0x00000000eab00000, 0x00000000f0b00000, 0x0000000100000000)
  eden space 62976K, 100% used [0x00000000eab00000,0x00000000ee880000,0x00000000ee880000)
  from space 7168K, 99% used [0x00000000ee880000,0x00000000eef7bb10,0x00000000eef80000)
  to   space 8704K, 0% used [0x00000000f0280000,0x00000000f0280000,0x00000000f0b00000)
 ParOldGen       total 35840K, used 12185K [0x00000000c0000000, 0x00000000c2300000, 0x00000000eab00000)
  object space 35840K, 33% used [0x00000000c0000000,0x00000000c0be65f8,0x00000000c2300000)
 Metaspace       used 31153K, capacity 31780K, committed 32048K, reserved 1077248K
  class space    used 4188K, capacity 4363K, committed 4400K, reserved 1048576K
Event: 14.471 GC heap after
Heap after GC invocations=11 (full 1):
 PSYoungGen      total 71680K, used 4289K [0x00000000eab00000, 0x00000000f0b00000, 0x0000000100000000)
  eden space 62976K, 0% used [0x00000000eab00000,0x00000000eab00000,0x00000000ee880000)
  from space 8704K, 49% used [0x00000000f0280000,0x00000000f06b0400,0x00000000f0b00000)
  to   space 7168K, 0% used [0x00000000ee880000,0x00000000ee880000,0x00000000eef80000)
 ParOldGen       total 35840K, used 14141K [0x00000000c0000000, 0x00000000c2300000, 0x00000000eab00000)
  object space 35840K, 39% used [0x00000000c0000000,0x00000000c0dcf618,0x00000000c2300000)
 Metaspace       used 31153K, capacity 31780K, committed 32048K, reserved 1077248K
  class space    used 4188K, capacity 4363K, committed 4400K, reserved 1048576K
}
Event: 16.614 GC heap before
{Heap before GC invocations=12 (full 1):
 PSYoungGen      total 71680K, used 51375K [0x00000000eab00000, 0x00000000f0b00000, 0x0000000100000000)
  eden space 62976K, 74% used [0x00000000eab00000,0x00000000ed8fba70,0x00000000ee880000)
  from space 8704K, 49% used [0x00000000f0280000,0x00000000f06b0400,0x00000000f0b00000)
  to   space 7168K, 0% used [0x00000000ee880000,0x00000000ee880000,0x00000000eef80000)
 ParOldGen       total 35840K, used 14141K [0x00000000c0000000, 0x00000000c2300000, 0x00000000eab00000)
  object space 35840K, 39% used [0x00000000c0000000,0x00000000c0dcf618,0x00000000c2300000)
 Metaspace       used 34498K, capacity 35328K, committed 35496K, reserved 1079296K
  class space    used 4576K, capacity 4827K, committed 4912K, reserved 1048576K
Event: 16.622 GC heap after
Heap after GC invocations=12 (full 1):
 PSYoungGen      total 70144K, used 3821K [0x00000000eab00000, 0x00000000f1000000, 0x0000000100000000)
  eden space 62976K, 0% used [0x00000000eab00000,0x00000000eab00000,0x00000000ee880000)
  from space 7168K, 53% used [0x00000000ee880000,0x00000000eec3b760,0x00000000eef80000)
  to   space 8192K, 0% used [0x00000000f0800000,0x00000000f0800000,0x00000000f1000000)
 ParOldGen       total 35840K, used 16662K [0x00000000c0000000, 0x00000000c2300000, 0x00000000eab00000)
  object space 35840K, 46% used [0x00000000c0000000,0x00000000c1045b90,0x00000000c2300000)
 Metaspace       used 34498K, capacity 35328K, committed 35496K, reserved 1079296K
  class space    used 4576K, capacity 4827K, committed 4912K, reserved 1048576K
}
Event: 16.622 GC heap before
{Heap before GC invocations=13 (full 2):
 PSYoungGen      total 70144K, used 3821K [0x00000000eab00000, 0x00000000f1000000, 0x0000000100000000)
  eden space 62976K, 0% used [0x00000000eab00000,0x00000000eab00000,0x00000000ee880000)
  from space 7168K, 53% used [0x00000000ee880000,0x00000000eec3b760,0x00000000eef80000)
  to   space 8192K, 0% used [0x00000000f0800000,0x00000000f0800000,0x00000000f1000000)
 ParOldGen       total 35840K, used 16662K [0x00000000c0000000, 0x00000000c2300000, 0x00000000eab00000)
  object space 35840K, 46% used [0x00000000c0000000,0x00000000c1045b90,0x00000000c2300000)
 Metaspace       used 34498K, capacity 35328K, committed 35496K, reserved 1079296K
  class space    used 4576K, capacity 4827K, committed 4912K, reserved 1048576K
Event: 16.711 GC heap after
Heap after GC invocations=13 (full 2):
 PSYoungGen      total 70144K, used 0K [0x00000000eab00000, 0x00000000f1000000, 0x0000000100000000)
  eden space 62976K, 0% used [0x00000000eab00000,0x00000000eab00000,0x00000000ee880000)
  from space 7168K, 0% used [0x00000000ee880000,0x00000000ee880000,0x00000000eef80000)
  to   space 8192K, 0% used [0x00000000f0800000,0x00000000f0800000,0x00000000f1000000)
 ParOldGen       total 53248K, used 15525K [0x00000000c0000000, 0x00000000c3400000, 0x00000000eab00000)
  object space 53248K, 29% used [0x00000000c0000000,0x00000000c0f294e0,0x00000000c3400000)
 Metaspace       used 34438K, capacity 35178K, committed 35496K, reserved 1079296K
  class space    used 4557K, capacity 4777K, committed 4912K, reserved 1048576K
}

