# JRE version: OpenJDK Runtime Environment (8.0_76-b03) (build 1.8.0_76-release-b03)
# Java VM: OpenJDK 64-Bit Server VM (25.76-b03 mixed mode windows-amd64 compressed oops)
Heap:
 PSYoungGen      total 106496K, used 38477K [0x00000000eab00000, 0x00000000f4f80000, 0x0000000100000000)
  eden space 73728K, 17% used [0x00000000eab00000,0x00000000eb7d4090,0x00000000ef300000)
  from space 32768K, 77% used [0x00000000ef300000,0x00000000f0bbf5b0,0x00000000f1300000)
  to   space 35328K, 0% used [0x00000000f2d00000,0x00000000f2d00000,0x00000000f4f80000)
 ParOldGen       total 87552K, used 52517K [0x00000000c0000000, 0x00000000c5580000, 0x00000000eab00000)
  object space 87552K, 59% used [0x00000000c0000000,0x00000000c3349628,0x00000000c5580000)
 Metaspace       used 6696K, capacity 7472K, committed 7552K, reserved 1060864K
  class space    used 608K, capacity 616K, committed 640K, reserved 1048576K
GC Heap History (10 events):
Event: 7.127 GC heap before
{Heap before GC invocations=13 (full 2):
 PSYoungGen      total 69632K, used 18641K [0x00000000eab00000, 0x00000000f1800000, 0x0000000100000000)
  eden space 48640K, 0% used [0x00000000eab00000,0x00000000eab00000,0x00000000eda80000)
  from space 20992K, 88% used [0x00000000eda80000,0x00000000eecb4608,0x00000000eef00000)
  to   space 23552K, 0% used [0x00000000f0100000,0x00000000f0100000,0x00000000f1800000)
 ParOldGen       total 33280K, used 27583K [0x00000000c0000000, 0x00000000c2080000, 0x00000000eab00000)
  object space 33280K, 82% used [0x00000000c0000000,0x00000000c1aefe50,0x00000000c2080000)
 Metaspace       used 6317K, capacity 7216K, committed 7296K, reserved 1060864K
  class space    used 589K, capacity 616K, committed 640K, reserved 1048576K
Event: 7.920 GC heap after
Heap after GC invocations=13 (full 2):
 PSYoungGen      total 69632K, used 8737K [0x00000000eab00000, 0x00000000f1800000, 0x0000000100000000)
  eden space 48640K, 0% used [0x00000000eab00000,0x00000000eab00000,0x00000000eda80000)
  from space 20992K, 41% used [0x00000000eda80000,0x00000000ee3086d0,0x00000000eef00000)
  to   space 23552K, 0% used [0x00000000f0100000,0x00000000f0100000,0x00000000f1800000)
 ParOldGen       total 87552K, used 33156K [0x00000000c0000000, 0x00000000c5580000, 0x00000000eab00000)
  object space 87552K, 37% used [0x00000000c0000000,0x00000000c2061320,0x00000000c5580000)
 Metaspace       used 6317K, capacity 7216K, committed 7296K, reserved 1060864K
  class space    used 589K, capacity 616K, committed 640K, reserved 1048576K
}
Event: 8.719 GC heap before
{Heap before GC invocations=14 (full 2):
 PSYoungGen      total 69632K, used 57377K [0x00000000eab00000, 0x00000000f1800000, 0x0000000100000000)
  eden space 48640K, 100% used [0x00000000eab00000,0x00000000eda80000,0x00000000eda80000)
  from space 20992K, 41% used [0x00000000eda80000,0x00000000ee3086d0,0x00000000eef00000)
  to   space 23552K, 0% used [0x00000000f0100000,0x00000000f0100000,0x00000000f1800000)
 ParOldGen       total 87552K, used 33156K [0x00000000c0000000, 0x00000000c5580000, 0x00000000eab00000)
  object space 87552K, 37% used [0x00000000c0000000,0x00000000c2061320,0x00000000c5580000)
 Metaspace       used 6341K, capacity 7216K, committed 7296K, reserved 1060864K
  class space    used 589K, capacity 616K, committed 640K, reserved 1048576K
Event: 8.777 GC heap after
Heap after GC invocations=14 (full 2):
 PSYoungGen      total 84992K, used 13319K [0x00000000eab00000, 0x00000000f1680000, 0x0000000100000000)
  eden space 62976K, 0% used [0x00000000eab00000,0x00000000eab00000,0x00000000ee880000)
  from space 22016K, 60% used [0x00000000f0100000,0x00000000f0e01d40,0x00000000f1680000)
  to   space 23552K, 0% used [0x00000000ee880000,0x00000000ee880000,0x00000000eff80000)
 ParOldGen       total 87552K, used 35677K [0x00000000c0000000, 0x00000000c5580000, 0x00000000eab00000)
  object space 87552K, 40% used [0x00000000c0000000,0x00000000c22d77b8,0x00000000c5580000)
 Metaspace       used 6341K, capacity 7216K, committed 7296K, reserved 1060864K
  class space    used 589K, capacity 616K, committed 640K, reserved 1048576K
}
Event: 10.688 GC heap before
{Heap before GC invocations=15 (full 2):
 PSYoungGen      total 84992K, used 76295K [0x00000000eab00000, 0x00000000f1680000, 0x0000000100000000)
  eden space 62976K, 100% used [0x00000000eab00000,0x00000000ee880000,0x00000000ee880000)
  from space 22016K, 60% used [0x00000000f0100000,0x00000000f0e01d40,0x00000000f1680000)
  to   space 23552K, 0% used [0x00000000ee880000,0x00000000ee880000,0x00000000eff80000)
 ParOldGen       total 87552K, used 35677K [0x00000000c0000000, 0x00000000c5580000, 0x00000000eab00000)
  object space 87552K, 40% used [0x00000000c0000000,0x00000000c22d77b8,0x00000000c5580000)
 Metaspace       used 6368K, capacity 7216K, committed 7296K, reserved 1060864K
  class space    used 589K, capacity 616K, committed 640K, reserved 1048576K
Event: 10.775 GC heap after
Heap after GC invocations=15 (full 2):
 PSYoungGen      total 86528K, used 22870K [0x00000000eab00000, 0x00000000f2d00000, 0x0000000100000000)
  eden space 62976K, 0% used [0x00000000eab00000,0x00000000eab00000,0x00000000ee880000)
  from space 23552K, 97% used [0x00000000ee880000,0x00000000efed5a48,0x00000000eff80000)
  to   space 26624K, 0% used [0x00000000f1300000,0x00000000f1300000,0x00000000f2d00000)
 ParOldGen       total 87552K, used 35685K [0x00000000c0000000, 0x00000000c5580000, 0x00000000eab00000)
  object space 87552K, 40% used [0x00000000c0000000,0x00000000c22d97b8,0x00000000c5580000)
 Metaspace       used 6368K, capacity 7216K, committed 7296K, reserved 1060864K
  class space    used 589K, capacity 616K, committed 640K, reserved 1048576K
}
Event: 11.908 GC heap before
{Heap before GC invocations=16 (full 2):
 PSYoungGen      total 86528K, used 85846K [0x00000000eab00000, 0x00000000f2d00000, 0x0000000100000000)
  eden space 62976K, 100% used [0x00000000eab00000,0x00000000ee880000,0x00000000ee880000)
  from space 23552K, 97% used [0x00000000ee880000,0x00000000efed5a48,0x00000000eff80000)
  to   space 26624K, 0% used [0x00000000f1300000,0x00000000f1300000,0x00000000f2d00000)
 ParOldGen       total 87552K, used 35685K [0x00000000c0000000, 0x00000000c5580000, 0x00000000eab00000)
  object space 87552K, 40% used [0x00000000c0000000,0x00000000c22d97b8,0x00000000c5580000)
 Metaspace       used 6372K, capacity 7216K, committed 7296K, reserved 1060864K
  class space    used 589K, capacity 616K, committed 640K, reserved 1048576K
Event: 12.082 GC heap after
Heap after GC invocations=16 (full 2):
 PSYoungGen      total 100352K, used 26618K [0x00000000eab00000, 0x00000000f3a80000, 0x0000000100000000)
  eden space 73728K, 0% used [0x00000000eab00000,0x00000000eab00000,0x00000000ef300000)
  from space 26624K, 99% used [0x00000000f1300000,0x00000000f2cfe800,0x00000000f2d00000)
  to   space 32768K, 0% used [0x00000000ef300000,0x00000000ef300000,0x00000000f1300000)
 ParOldGen       total 87552K, used 40031K [0x00000000c0000000, 0x00000000c5580000, 0x00000000eab00000)
  object space 87552K, 45% used [0x00000000c0000000,0x00000000c2717f20,0x00000000c5580000)
 Metaspace       used 6372K, capacity 7216K, committed 7296K, reserved 1060864K
  class space    used 589K, capacity 616K, committed 640K, reserved 1048576K
}
Event: 12.836 GC heap before
{Heap before GC invocations=17 (full 2):
 PSYoungGen      total 100352K, used 100346K [0x00000000eab00000, 0x00000000f3a80000, 0x0000000100000000)
  eden space 73728K, 100% used [0x00000000eab00000,0x00000000ef300000,0x00000000ef300000)
  from space 26624K, 99% used [0x00000000f1300000,0x00000000f2cfe800,0x00000000f2d00000)
  to   space 32768K, 0% used [0x00000000ef300000,0x00000000ef300000,0x00000000f1300000)
 ParOldGen       total 87552K, used 40031K [0x00000000c0000000, 0x00000000c5580000, 0x00000000eab00000)
  object space 87552K, 45% used [0x00000000c0000000,0x00000000c2717f20,0x00000000c5580000)
 Metaspace       used 6381K, capacity 7216K, committed 7296K, reserved 1060864K
  class space    used 589K, capacity 616K, committed 640K, reserved 1048576K
Event: 13.013 GC heap after
Heap after GC invocations=17 (full 2):
 PSYoungGen      total 106496K, used 25341K [0x00000000eab00000, 0x00000000f4f80000, 0x0000000100000000)
  eden space 73728K, 0% used [0x00000000eab00000,0x00000000eab00000,0x00000000ef300000)
  from space 32768K, 77% used [0x00000000ef300000,0x00000000f0bbf5b0,0x00000000f1300000)
  to   space 35328K, 0% used [0x00000000f2d00000,0x00000000f2d00000,0x00000000f4f80000)
 ParOldGen       total 87552K, used 52517K [0x00000000c0000000, 0x00000000c5580000, 0x00000000eab00000)
  object space 87552K, 59% used [0x00000000c0000000,0x00000000c3349628,0x00000000c5580000)
 Metaspace       used 6381K, capacity 7216K, committed 7296K, reserved 1060864K
  class space    used 589K, capacity 616K, committed 640K, reserved 1048576K
}

